<?xml version="1.0" encoding="UTF-8"?>
<!-- Generated by org.testng.reporters.JUnitXMLReporter -->
<testsuite ignored="0" hostname="LAPTOP-69RVCOJD" failures="0" tests="4" name="Test" time="0.083" errors="0" timestamp="2019-09-21T23:49:10 IST">
  <testcase classname="qaclickacademy.SeleniumTest" name="browserAutomation" time="0.015"/>
  <testcase classname="qaclickacademy.SeleniumTest" name="elementsUi" time="0.0"/>
  <testcase classname="qaclickacademy.MobileTest" name="browserAutomationNew" time="0.0"/>
  <testcase classname="qaclickacademy.MobileTest" name="elementsUiNew" time="0.0"/>
</testsuite> <!-- Test -->
