<?xml version="1.0" encoding="UTF-8"?>
<testng-results ignored="0" total="4" passed="4" failed="0" skipped="0">
  <reporter-output>
  </reporter-output>
  <suite started-at="2019-09-21T23:49:10 IST" name="Suite" finished-at="2019-09-21T23:49:10 IST" duration-ms="83">
    <groups>
    </groups>
    <test started-at="2019-09-21T23:49:10 IST" name="Test" finished-at="2019-09-21T23:49:10 IST" duration-ms="83">
      <class name="qaclickacademy.MobileTest">
        <test-method signature="browserAutomationNew()[pri:0, instance:qaclickacademy.MobileTest@23a5fd2]" started-at="2019-09-21T23:49:10 IST" name="browserAutomationNew" finished-at="2019-09-21T23:49:10 IST" duration-ms="0" status="PASS">
          <reporter-output>
          </reporter-output>
        </test-method> <!-- browserAutomationNew -->
        <test-method signature="elementsUiNew()[pri:0, instance:qaclickacademy.MobileTest@23a5fd2]" started-at="2019-09-21T23:49:10 IST" name="elementsUiNew" finished-at="2019-09-21T23:49:10 IST" duration-ms="0" status="PASS">
          <reporter-output>
          </reporter-output>
        </test-method> <!-- elementsUiNew -->
      </class> <!-- qaclickacademy.MobileTest -->
      <class name="qaclickacademy.SeleniumTest">
        <test-method signature="browserAutomation()[pri:0, instance:qaclickacademy.SeleniumTest@62bd765]" started-at="2019-09-21T23:49:10 IST" name="browserAutomation" finished-at="2019-09-21T23:49:10 IST" duration-ms="15" status="PASS">
          <reporter-output>
          </reporter-output>
        </test-method> <!-- browserAutomation -->
        <test-method signature="elementsUi()[pri:0, instance:qaclickacademy.SeleniumTest@62bd765]" started-at="2019-09-21T23:49:10 IST" name="elementsUi" finished-at="2019-09-21T23:49:10 IST" duration-ms="0" status="PASS">
          <reporter-output>
          </reporter-output>
        </test-method> <!-- elementsUi -->
      </class> <!-- qaclickacademy.SeleniumTest -->
    </test> <!-- Test -->
  </suite> <!-- Suite -->
</testng-results>
